<?xml version="1.0" encoding="UTF-8"?>
<testng-results skipped="0" failed="0" total="1" passed="1">
  <reporter-output>
  </reporter-output>
  <suite name="Default suite" duration-ms="2030" started-at="2019-04-04T17:23:52Z" finished-at="2019-04-04T17:23:54Z">
    <groups>
    </groups>
    <test name="Default test" duration-ms="2030" started-at="2019-04-04T17:23:52Z" finished-at="2019-04-04T17:23:54Z">
      <class name="com.qa.ApiTests.PutApiTest">
        <test-method status="PASS" signature="setup()[pri:0, instance:com.qa.ApiTests.PutApiTest@50c87b21]" name="setup" is-config="true" duration-ms="12" started-at="2019-04-04T22:53:52Z" finished-at="2019-04-04T22:53:52Z">
          <reporter-output>
          </reporter-output>
        </test-method> <!-- setup -->
        <test-method status="PASS" signature="putAPiTest()[pri:0, instance:com.qa.ApiTests.PutApiTest@50c87b21]" name="putAPiTest" duration-ms="1989" started-at="2019-04-04T22:53:52Z" finished-at="2019-04-04T22:53:54Z">
          <reporter-output>
          </reporter-output>
        </test-method> <!-- putAPiTest -->
      </class> <!-- com.qa.ApiTests.PutApiTest -->
    </test> <!-- Default test -->
  </suite> <!-- Default suite -->
</testng-results>
