<?xml version="1.0" encoding="UTF-8"?>
<testng-results skipped="0" failed="0" total="1" passed="1">
  <reporter-output>
  </reporter-output>
  <suite name="Default suite" duration-ms="2224" started-at="2019-03-26T17:51:52Z" finished-at="2019-03-26T17:51:54Z">
    <groups>
    </groups>
    <test name="Default test" duration-ms="2224" started-at="2019-03-26T17:51:52Z" finished-at="2019-03-26T17:51:54Z">
      <class name="com.qa.ApiTests.PostApiTest">
        <test-method status="PASS" signature="setup()[pri:0, instance:com.qa.ApiTests.PostApiTest@50c87b21]" name="setup" is-config="true" duration-ms="12" started-at="2019-03-26T23:21:52Z" finished-at="2019-03-26T23:21:52Z">
          <reporter-output>
          </reporter-output>
        </test-method> <!-- setup -->
        <test-method status="PASS" signature="postAPiTest()[pri:0, instance:com.qa.ApiTests.PostApiTest@50c87b21]" name="postAPiTest" duration-ms="2194" started-at="2019-03-26T23:21:52Z" finished-at="2019-03-26T23:21:54Z">
          <reporter-output>
          </reporter-output>
        </test-method> <!-- postAPiTest -->
      </class> <!-- com.qa.ApiTests.PostApiTest -->
    </test> <!-- Default test -->
  </suite> <!-- Default suite -->
</testng-results>
